5.897719
5.799189
6.217162
7.200296
5.834957
5.994939
6.205292
7.546385
6.085471
8.447236
5.960478
5.840862
5.754121
5.979455
5.797860
5.830671
6.117023
5.627678
5.919779
6.193035
5.910771
5.764260
5.738034
5.871383
5.632508
6.158432
5.906161
6.098548
6.074700
8.745265
5.745404
5.962514
5.996246
6.081338
5.831313
6.040420
6.665371
7.625095
5.974975
5.710092
6.307322
5.986127
5.997187
5.976734
5.823325
6.822272
6.142478
5.831561
5.845030
5.876840
6.543337
6.275171
6.284848
5.957018
5.855020
10.694673
9.688780
5.869495
6.082461
6.557656
6.015823
6.091137
5.950024
6.004958
5.950906
9.710406
6.114633
5.992918
5.899059
5.940136
6.061669
6.616652
5.998885
5.707189
7.690472
5.954897
5.954394
6.205831
8.616756
5.802464
5.739298
5.773262
5.897645
8.946461
6.089989
9.322443
5.825913
5.842070
5.834623
6.103309
5.774631
9.581355
6.159302
6.683688
6.979227
5.902883
6.301121
5.978224
5.865412
5.942130
