0.806441
0.658991
0.656711
0.625298
0.633896
0.629847
0.656182
0.660096
0.641030
0.623031
0.691118
0.644753
0.642631
0.796183
0.701744
1.090999
0.641300
0.639491
0.724352
0.690301
0.642554
0.687677
0.989305
0.734974
0.664736
0.653961
0.822565
0.634992
0.634200
0.625796
0.629693
0.666097
1.244680
0.647509
0.881418
0.642883
0.631472
0.648136
0.740003
0.636577
0.631530
0.653247
0.619248
0.652471
0.637379
0.716687
0.635575
0.642505
0.742869
0.641627
0.920383
0.636638
0.625613
0.644499
0.678464
0.830925
0.652331
0.629844
0.647576
0.625074
0.649338
0.633818
0.648408
0.649970
0.696411
0.724063
0.629342
0.626728
0.704220
0.620566
0.632389
0.627743
0.675103
0.647178
0.671981
1.190440
0.648123
0.637308
0.664417
0.633660
0.630281
0.895398
0.659887
0.657205
0.639002
0.679485
0.624319
0.633367
0.663905
0.649604
0.954823
0.648605
0.697245
0.656272
0.648754
0.638849
0.649367
0.632187
0.669363
0.753160
